<?xml version="1.0" encoding="UTF-8"?>
<testsuite xmlns:xsi="http://www.w3.org/2001/XMLSchema-instance" xsi:schemaLocation="https://maven.apache.org/surefire/maven-surefire-plugin/xsd/surefire-test-report.xsd" name="testRunner.TestRunner" time="11.941" tests="47" errors="0" skipped="0" failures="0">
  <properties>
[...]
</properties>
  <testcase name="provide valid endpoint to delete the user" classname="ReqRes DELETE API to delete the specific user" time="0.667"/>
  <testcase name="the request is send to the server delete the user" classname="ReqRes DELETE API to delete the specific user" time="2.71"/>
  <testcase name="validate delete user response statuscode" classname="ReqRes DELETE API to delete the specific user" time="0.02"/>
  <testcase name="ReqRes DELETE API to delete the specific user" classname="ReqRes DELETE API to delete the specific user" time="0.029"/>
  <testcase name="provide valid endpoint to fetch all users" classname="ReqRes GET API to list all users" time="0.006"/>
  <testcase name="the request is send to the server" classname="ReqRes GET API to list all users" time="0.204"/>
  <testcase name="validate the response statuscode 200" classname="ReqRes GET API to list all users" time="0"/>
  <testcase name="ReqRes GET API to list all users" classname="ReqRes GET API to list all users" time="0.001"/>
  <testcase name="provide valid endpoint to fetch all users" classname="Reqres GET API to list all users with scenario outline #1" time="0.002"/>
  <testcase name="the request is send to the server with page number as &quot;2&quot;" classname="Reqres GET API to list all users with scenario outline #1" time="0.083"/>
  <testcase name="validate the response of first user record having email as &quot;michael.lawson@reqres.in&quot;" classname="Reqres GET API to list all users with scenario outline #1" time="1.813"/>
  <testcase name="validate response statuscode 200" classname="Reqres GET API to list all users with scenario outline #1" time="0.001"/>
  <testcase name="Reqres GET API to list all users with scenario outline #1" classname="Reqres GET API to list all users with scenario outline #1" time="0.002"/>
  <testcase name="provide valid endpoint to fetch all users" classname="Reqres GET API to list all users with scenario outline #2" time="0.003"/>
  <testcase name="the request is send to the server with page number as &quot;1&quot;" classname="Reqres GET API to list all users with scenario outline #2" time="0.083"/>
  <testcase name="validate the response of first user record having email as &quot;george.bluth@reqres.in&quot;" classname="Reqres GET API to list all users with scenario outline #2" time="0.047"/>
  <testcase name="validate response statuscode 200" classname="Reqres GET API to list all users with scenario outline #2" time="0"/>
  <testcase name="Reqres GET API to list all users with scenario outline #2" classname="Reqres GET API to list all users with scenario outline #2" time="0"/>
  <testcase name="provide valid endpoint to fetch the single user" classname="ReqRes GET Single user" time="0.009"/>
  <testcase name="the request is send to the server to fetch single user" classname="ReqRes GET Single user" time="0.093"/>
  <testcase name="validate the response statuscode 200" classname="ReqRes GET Single user" time="0"/>
  <testcase name="validate the response body fields" classname="ReqRes GET Single user" time="0.126"/>
  <testcase name="ReqRes GET Single user" classname="ReqRes GET Single user" time="0.126"/>
  <testcase name="provide valid endpoint to fetch the single userNotFound" classname="ReRes GET SingleUser Not Found" time="0.001"/>
  <testcase name="the request is send to the server to fetch single user not found" classname="ReRes GET SingleUser Not Found" time="0.431"/>
  <testcase name="validate the response statuscode" classname="ReRes GET SingleUser Not Found" time="0"/>
  <testcase name="ReRes GET SingleUser Not Found" classname="ReRes GET SingleUser Not Found" time="0.001"/>
  <testcase name="provide valid endpoint to create user" classname="ReqRes POST API to create user" time="0.01"/>
  <testcase name="the request is send to the server with requestbody" classname="ReqRes POST API to create user" time="0.393"/>
  <testcase name="validate create user response statuscode" classname="ReqRes POST API to create user" time="0.003"/>
  <testcase name="validate the responsebody fields" classname="ReqRes POST API to create user" time="0.028"/>
  <testcase name="ReqRes POST API to create user" classname="ReqRes POST API to create user" time="0.028"/>
  <testcase name="provide valid endpoint to create users" classname="ReqRes POST API to create users #1" time="0.001"/>
  <testcase name="the request is send to the server with requestbody as &quot;Morpheus&quot; and &quot;leader&quot;" classname="ReqRes POST API to create users #1" time="0.357"/>
  <testcase name="validate create user response statuscode" classname="ReqRes POST API to create users #1" time="0"/>
  <testcase name="validate the responsebody fields" classname="ReqRes POST API to create users #1" time="0.031"/>
  <testcase name="ReqRes POST API to create users #1" classname="ReqRes POST API to create users #1" time="0.032"/>
  <testcase name="provide valid endpoint to create users" classname="ReqRes POST API to create users #2" time="0"/>
  <testcase name="the request is send to the server with requestbody as &quot;Ramesh Ch&quot; and &quot;Automation Test lead&quot;" classname="ReqRes POST API to create users #2" time="0.352"/>
  <testcase name="validate create user response statuscode" classname="ReqRes POST API to create users #2" time="0.001"/>
  <testcase name="validate the responsebody fields" classname="ReqRes POST API to create users #2" time="0.034"/>
  <testcase name="ReqRes POST API to create users #2" classname="ReqRes POST API to create users #2" time="0.035"/>
  <testcase name="provide valid endpoint to update user" classname="ReqRes PUT API to update user" time="0"/>
  <testcase name="the request is send to the server with requestbody to update" classname="ReqRes PUT API to update user" time="0.445"/>
  <testcase name="validate update user response statuscode" classname="ReqRes PUT API to update user" time="0.001"/>
  <testcase name="validate the update responsebody fields" classname="ReqRes PUT API to update user" time="0.05"/>
  <testcase name="ReqRes PUT API to update user" classname="ReqRes PUT API to update user" time="0.052"/>
</testsuite>